E:\Github\LogBuilder\LogBuilder\Release\cl.command.1.tlog
E:\Github\LogBuilder\LogBuilder\Release\CL.read.1.tlog
E:\Github\LogBuilder\LogBuilder\Release\CL.write.1.tlog
E:\GITHUB\LOGBUILDER\LOGBUILDER\RELEASE\ERRORS_TYPES.OBJ
E:\GITHUB\LOGBUILDER\LOGBUILDER\RELEASE\LIMITS_TYPES.OBJ
E:\Github\LogBuilder\LogBuilder\Release\link.command.1.tlog
E:\Github\LogBuilder\LogBuilder\Release\link.read.1.tlog
E:\Github\LogBuilder\LogBuilder\Release\link.write.1.tlog
E:\GITHUB\LOGBUILDER\LOGBUILDER\RELEASE\LOGBUILDER.OBJ
E:\GITHUB\LOGBUILDER\LOGBUILDER\RELEASE\LOGBUILDER.PCH
E:\GITHUB\LOGBUILDER\LOGBUILDER\RELEASE\LOGBUILDER.RES
E:\Github\LogBuilder\LogBuilder\Release\LogBuilder.write.1.tlog
E:\GITHUB\LOGBUILDER\LOGBUILDER\RELEASE\LOGBUILDERDLG.OBJ
E:\GITHUB\LOGBUILDER\LOGBUILDER\RELEASE\NOTESTORE.OBJ
E:\GITHUB\LOGBUILDER\LOGBUILDER\RELEASE\NOTESTORE_TYPES.OBJ
E:\Github\LogBuilder\LogBuilder\Release\rc.command.1.tlog
E:\Github\LogBuilder\LogBuilder\Release\rc.read.1.tlog
E:\Github\LogBuilder\LogBuilder\Release\rc.write.1.tlog
E:\GITHUB\LOGBUILDER\LOGBUILDER\RELEASE\STDAFX.OBJ
E:\GITHUB\LOGBUILDER\LOGBUILDER\RELEASE\TYPES_TYPES.OBJ
E:\GITHUB\LOGBUILDER\LOGBUILDER\RELEASE\USERSTORE_TYPES.OBJ
E:\GITHUB\LOGBUILDER\LOGBUILDER\RELEASE\VC100.PDB
