生成启动时间为 2014/10/24 10:19:03。
     1>项目“E:\Github\LogBuilder\LogBuilder\LogBuilder.vcxproj”在节点 2 上(build 个目标)。
     1>InitializeBuildStatus:
         正在对“Release\LogBuilder.unsuccessfulbuild”执行 Touch 任务。
       ClCompile:
         所有输出均为最新。
         C:\Program Files (x86)\Microsoft Visual Studio 10.0\VC\bin\CL.exe /c /Zi /nologo /W3 /WX- /O2 /Oi /Oy- /GL /D WIN32 /D _WINDOWS /D NDEBUG /D _MBCS /Gm- /EHsc /MT /GS /Gy /fp:precise /Zc:wchar_t /Zc:forScope /Yu"StdAfx.h" /Fp"Release\LogBuilder.pch" /Fo"Release\\" /Fd"Release\vc100.pdb" /Gd /TP /analyze- /errorReport:prompt LogBuilderDlg.cpp
         LogBuilderDlg.cpp
       ResourceCompile:
         C:\Program Files (x86)\Microsoft SDKs\Windows\v7.0A\bin\rc.exe /D NDEBUG /l"0x0804" /IRelease\ /nologo /fo"Release\LogBuilder.res" LogBuilder.rc 
       Link:
         C:\Program Files (x86)\Microsoft Visual Studio 10.0\VC\bin\link.exe /ERRORREPORT:PROMPT /OUT:"E:\Github\LogBuilder\Release\LogBuilder.exe" /INCREMENTAL:NO /NOLOGO /MANIFEST /ManifestFile:"Release\LogBuilder.exe.intermediate.manifest" /MANIFESTUAC:"level='asInvoker' uiAccess='false'" /DEBUG /PDB:"E:\Github\LogBuilder\Release\LogBuilder.pdb" /SUBSYSTEM:WINDOWS /OPT:REF /OPT:ICF /LTCG /TLBID:1 /DYNAMICBASE /NXCOMPAT /IMPLIB:"E:\Github\LogBuilder\Release\LogBuilder.lib" /MACHINE:X86 Release\LogBuilder.res
         Release\LogBuilder.obj
         Release\LogBuilderDlg.obj
         Release\stdafx.obj
         正在生成代码
         已完成代码的生成
         LogBuilder.vcxproj -> E:\Github\LogBuilder\Release\LogBuilder.exe
       Manifest:
         C:\Program Files (x86)\Microsoft SDKs\Windows\v7.0A\bin\mt.exe /nologo /verbose /outputresource:"E:\Github\LogBuilder\Release\LogBuilder.exe;#1" /manifest Release\LogBuilder.exe.intermediate.manifest "C:\Program Files (x86)\Microsoft Visual Studio 10.0\VC\Include\Manifest\dpiaware.manifest"
       FinalizeBuildStatus:
         正在删除文件“Release\LogBuilder.unsuccessfulbuild”。
         正在对“Release\LogBuilder.lastbuildstate”执行 Touch 任务。
     1>已完成生成项目“E:\Github\LogBuilder\LogBuilder\LogBuilder.vcxproj”(build 个目标)的操作。

生成成功。

已用时间 00:00:03.78
