生成启动时间为 2014/10/25 9:56:12。
     1>项目“E:\Github\LogBuilder\LogBuilder\LogBuilder.vcxproj”在节点 2 上(build 个目标)。
     1>InitializeBuildStatus:
         正在对“Debug\LogBuilder.unsuccessfulbuild”执行 Touch 任务。
       ClCompile:
         C:\Program Files (x86)\Microsoft Visual Studio 10.0\VC\bin\CL.exe /c /ZI /nologo /W3 /WX- /Od /Oy- /D WIN32 /D _WINDOWS /D _DEBUG /D _MBCS /Gm /EHsc /RTC1 /MTd /GS /fp:precise /Zc:wchar_t /Zc:forScope /Yc"StdAfx.h" /Fp"Debug\LogBuilder.pch" /Fo"Debug\\" /Fd"Debug\vc100.pdb" /Gd /TP /analyze- /errorReport:prompt stdafx.cpp
         stdafx.cpp
         C:\Program Files (x86)\Microsoft Visual Studio 10.0\VC\bin\CL.exe /c /ZI /nologo /W3 /WX- /Od /Oy- /D WIN32 /D _WINDOWS /D _DEBUG /D _MBCS /Gm /EHsc /RTC1 /MTd /GS /fp:precise /Zc:wchar_t /Zc:forScope /Yu"StdAfx.h" /Fp"Debug\LogBuilder.pch" /Fo"Debug\\" /Fd"Debug\vc100.pdb" /Gd /TP /analyze- /errorReport:prompt LogBuilder.cpp LogBuilderDlg.cpp
         LogBuilderDlg.cpp
         LogBuilder.cpp
         正在生成代码...
       ResourceCompile:
         所有输出均为最新。
       ManifestResourceCompile:
         所有输出均为最新。
       Link:
         C:\Program Files (x86)\Microsoft Visual Studio 10.0\VC\bin\link.exe /ERRORREPORT:PROMPT /OUT:"E:\Github\LogBuilder\Debug\LogBuilder.exe" /INCREMENTAL /NOLOGO /MANIFEST /ManifestFile:"Debug\LogBuilder.exe.intermediate.manifest" /MANIFESTUAC:"level='asInvoker' uiAccess='false'" /DEBUG /PDB:"E:\Github\LogBuilder\Debug\LogBuilder.pdb" /SUBSYSTEM:WINDOWS /TLBID:1 /DYNAMICBASE /NXCOMPAT /IMPLIB:"E:\Github\LogBuilder\Debug\LogBuilder.lib" /MACHINE:X86 Debug\LogBuilder.res
         Debug\LogBuilder.exe.embed.manifest.res
         Debug\LogBuilder.obj
         Debug\LogBuilderDlg.obj
         Debug\stdafx.obj
       Manifest:
         C:\Program Files (x86)\Microsoft SDKs\Windows\v7.0A\bin\mt.exe /nologo /verbose /out:"Debug\LogBuilder.exe.embed.manifest" /manifest Debug\LogBuilder.exe.intermediate.manifest "C:\Program Files (x86)\Microsoft Visual Studio 10.0\VC\Include\Manifest\dpiaware.manifest"
         所有输出均为最新。
       LinkEmbedManifest:
         所有输出均为最新。
         LogBuilder.vcxproj -> E:\Github\LogBuilder\Debug\LogBuilder.exe
       FinalizeBuildStatus:
         正在删除文件“Debug\LogBuilder.unsuccessfulbuild”。
         正在对“Debug\LogBuilder.lastbuildstate”执行 Touch 任务。
     1>已完成生成项目“E:\Github\LogBuilder\LogBuilder\LogBuilder.vcxproj”(build 个目标)的操作。

生成成功。

已用时间 00:00:08.38
